<?xml version="1.0" encoding="UTF-8"?>
<testsuite xmlns:xsi="http://www.w3.org/2001/XMLSchema-instance" xsi:noNamespaceSchemaLocation="https://maven.apache.org/surefire/maven-surefire-plugin/xsd/surefire-test-report.xsd" version="3.0.2" name="SessionServiceTest" time="4.554" tests="0" errors="0" skipped="0" failures="0">
  <properties>
[...]
</properties>
  <testcase name="editSession_Success_UpdatesNotesIssueAndTimeBlocks" classname="SessionServiceTest$EditSession" time="3.86">
    <system-err><![CDATA[Mockito is currently self-attaching to enable the inline-mock-maker. This will no longer work in future releases of the JDK. Please add Mockito as an agent to your build as described in Mockito's documentation: https://javadoc.io/doc/org.mockito/mockito-core/latest/org.mockito/org/mockito/Mockito.html#0.3
WARNING: A Java agent has been loaded dynamically (C:\Users\admin\.m2\repository\net\bytebuddy\byte-buddy-agent\1.17.7\byte-buddy-agent-1.17.7.jar)
WARNING: If a serviceability tool is in use, please run with -XX:+EnableDynamicAgentLoading to hide this warning
WARNING: If a serviceability tool is not in use, please run with -Djdk.instrument.traceUsage for more information
WARNING: Dynamic loading of agents will be disallowed by default in a future release
]]></system-err>
  </testcase>
  <testcase name="editSession_ReturnsNull_WhenSessionNotFound" classname="SessionServiceTest$EditSession" time="0.029"/>
  <testcase name="editSession_Fails_WhenTimeBlockEndIsBeforeStart" classname="SessionServiceTest$EditSession" time="0.095">
    <failure message="Unexpected exception type thrown, expected: &lt;org.springframework.web.server.ResponseStatusException&gt; but was: &lt;org.mockito.exceptions.misusing.PotentialStubbingProblem&gt;" type="org.opentest4j.AssertionFailedError"><![CDATA[org.opentest4j.AssertionFailedError: Unexpected exception type thrown, expected: <org.springframework.web.server.ResponseStatusException> but was: <org.mockito.exceptions.misusing.PotentialStubbingProblem>
	at org.junit.jupiter.api.AssertionFailureBuilder.build(AssertionFailureBuilder.java:151)
	at org.junit.jupiter.api.AssertThrows.assertThrows(AssertThrows.java:67)
	at org.junit.jupiter.api.AssertThrows.assertThrows(AssertThrows.java:35)
	at org.junit.jupiter.api.Assertions.assertThrows(Assertions.java:3128)
	at SessionServiceTest$EditSession.editSession_Fails_WhenTimeBlockEndIsBeforeStart(SessionServiceTest.java:484)
	at java.base/java.lang.reflect.Method.invoke(Method.java:580)
	at java.base/java.util.ArrayList.forEach(ArrayList.java:1596)
	at java.base/java.util.ArrayList.forEach(ArrayList.java:1596)
	at java.base/java.util.ArrayList.forEach(ArrayList.java:1596)
Caused by: org.mockito.exceptions.misusing.PotentialStubbingProblem: 
Strict stubbing argument mismatch. Please check:
 - this invocation of 'getIssue' method:
    issueService.getIssue(0, null, null);
    -> at cz.cvut.fel.thesis.service.SessionService.editSession(SessionService.java:188)
 - has following stubbing(s) with different arguments:
    1. issueService.getIssue(0, "", "");
      -> at SessionServiceTest$EditSession.editSession_Fails_WhenTimeBlockEndIsBeforeStart(SessionServiceTest.java:471)
Typically, stubbing argument mismatch indicates user mistake when writing tests.
Mockito fails early so that you can debug potential problem easily.
However, there are legit scenarios when this exception generates false negative signal:
  - stubbing the same method multiple times using 'given().will()' or 'when().then()' API
    Please use 'will().given()' or 'doReturn().when()' API for stubbing.
  - stubbed method is intentionally invoked with different arguments by code under test
    Please use default or 'silent' JUnit Rule (equivalent of Strictness.LENIENT).
For more information see javadoc for PotentialStubbingProblem class.
	at cz.cvut.fel.thesis.service.IssueService.getIssue(IssueService.java:48)
	at cz.cvut.fel.thesis.service.SessionService.editSession(SessionService.java:188)
	at SessionServiceTest$EditSession.lambda$0(SessionServiceTest.java:485)
	at org.junit.jupiter.api.AssertThrows.assertThrows(AssertThrows.java:53)
	... 7 more
]]></failure>
  </testcase>
  <testcase name="deleteSession_OnlyUnsyncedSessions_CallsDeleteApi" classname="SessionServiceTest$GitHubSynchronization" time="0.036"/>
  <testcase name="syncSession_WithExistingComment_CallsEditApi" classname="SessionServiceTest$GitHubSynchronization" time="0.061"/>
  <testcase name="syncSession_WithoutExistingComment_CallsCreateApi" classname="SessionServiceTest$GitHubSynchronization" time="0.022"/>
  <testcase name="startSession_Success_CreatesNewSessionAndStartsTracking" classname="SessionServiceTest$SessionLifecycle" time="0.051"/>
  <testcase name="endSession_Success_StopsTrackingAndSavesNotes" classname="SessionServiceTest$SessionLifecycle" time="0.071"/>
  <testcase name="startSession_Fails_WhenUserNotAssigned" classname="SessionServiceTest$SessionLifecycle" time="0.039">
    <failure message="expected: &lt;400 BAD_REQUEST&gt; but was: &lt;null&gt;" type="org.opentest4j.AssertionFailedError"><![CDATA[org.opentest4j.AssertionFailedError: expected: <400 BAD_REQUEST> but was: <null>
	at org.junit.jupiter.api.AssertionFailureBuilder.build(AssertionFailureBuilder.java:151)
	at org.junit.jupiter.api.AssertionFailureBuilder.buildAndThrow(AssertionFailureBuilder.java:132)
	at org.junit.jupiter.api.AssertEquals.failNotEqual(AssertEquals.java:197)
	at org.junit.jupiter.api.AssertEquals.assertEquals(AssertEquals.java:182)
	at org.junit.jupiter.api.AssertEquals.assertEquals(AssertEquals.java:177)
	at org.junit.jupiter.api.Assertions.assertEquals(Assertions.java:1145)
	at SessionServiceTest$SessionLifecycle.startSession_Fails_WhenUserNotAssigned(SessionServiceTest.java:169)
	at java.base/java.lang.reflect.Method.invoke(Method.java:580)
	at java.base/java.util.ArrayList.forEach(ArrayList.java:1596)
	at java.base/java.util.ArrayList.forEach(ArrayList.java:1596)
	at java.base/java.util.ArrayList.forEach(ArrayList.java:1596)
]]></failure>
  </testcase>
  <testcase name="pauseSession_Success_ClosesTimeBlock" classname="SessionServiceTest$SessionLifecycle" time="0.012"/>
  <testcase name="getRankedIssues_AggregatesAndSortsCorrectly" classname="SessionServiceTest$StatisticsAndRanking" time="0.043"/>
  <testcase name="getTimePerLabel_AggregatesTimeCorrectly" classname="SessionServiceTest$StatisticsAndRanking" time="0.013"/>
</testsuite>